
> vibe-generated-app@1.0.0 dev
> vite


  VITE v5.4.20  ready in 204 ms

  ➜  Local:   http://localhost:3000/
  ➜  Network: http://172.20.87.96:3000/
11:55:11 AM [vite] Pre-transform error: Transform failed with 1 error:
/home/workspace/src/components/Navbar.jsx:25:48: ERROR: Unexpected backslash in JSX element
11:55:13 AM [vite] Internal server error: Transform failed with 1 error:
/home/workspace/src/components/Navbar.jsx:25:48: ERROR: Unexpected backslash in JSX element
  Plugin: vite:esbuild
  File: /home/workspace/src/components/Navbar.jsx:25:48
  
  Unexpected backslash in JSX element
  23 |        <nav className="max-w-7xl mx-auto px-4 sm:px-6 lg:px-8 h-16 flex items-center justify-between">
  24 |          {/* Left: Handwritten-style placeholder logo */}
  25 |          <div className="font-[\"Playfair Display\"] italic text-2xl tracking-tight select-none">
     |                                                  ^
  26 |            Logo
  27 |          </div>
  
      at failureErrorWithLog (/home/workspace/node_modules/esbuild/lib/main.js:1472:15)
      at /home/workspace/node_modules/esbuild/lib/main.js:755:50
      at responseCallbacks.<computed> (/home/workspace/node_modules/esbuild/lib/main.js:622:9)
      at handleIncomingPacket (/home/workspace/node_modules/esbuild/lib/main.js:677:12)
      at Socket.readFromStdout (/home/workspace/node_modules/esbuild/lib/main.js:600:7)
      at Socket.emit (node:events:508:28)
      at addChunk (node:internal/streams/readable:559:12)
      at readableAddChunkPushByteMode (node:internal/streams/readable:510:3)
      at Readable.push (node:internal/streams/readable:390:5)
      at Pipe.onStreamRead (node:internal/stream_base_commons:189:23)
11:55:40 AM [vite] Internal server error: Transform failed with 1 error:
/home/workspace/src/components/Navbar.jsx:25:48: ERROR: Unexpected backslash in JSX element
  Plugin: vite:esbuild
  File: /home/workspace/src/components/Navbar.jsx:25:48
  
  Unexpected backslash in JSX element
  23 |        <nav className="max-w-7xl mx-auto px-4 sm:px-6 lg:px-8 h-16 flex items-center justify-between">
  24 |          {/* Left: Handwritten-style placeholder logo */}
  25 |          <div className="font-[\"Playfair Display\"] italic text-2xl tracking-tight select-none">
     |                                                  ^
  26 |            Logo
  27 |          </div>
  
      at failureErrorWithLog (/home/workspace/node_modules/esbuild/lib/main.js:1472:15)
      at /home/workspace/node_modules/esbuild/lib/main.js:755:50
      at responseCallbacks.<computed> (/home/workspace/node_modules/esbuild/lib/main.js:622:9)
      at handleIncomingPacket (/home/workspace/node_modules/esbuild/lib/main.js:677:12)
      at Socket.readFromStdout (/home/workspace/node_modules/esbuild/lib/main.js:600:7)
      at Socket.emit (node:events:508:28)
      at addChunk (node:internal/streams/readable:559:12)
      at readableAddChunkPushByteMode (node:internal/streams/readable:510:3)
      at Readable.push (node:internal/streams/readable:390:5)
      at Pipe.onStreamRead (node:internal/stream_base_commons:189:23)
